This file contains any messages produced by compilers while
running configure, to aid debugging if configure makes a mistake.

It was created by FULL-PACKAGE-NAME configure VERSION, which was
generated by GNU Autoconf 2.63.  Invocation command line was

  $ ./configure 

## --------- ##
## Platform. ##
## --------- ##

hostname = sohaib-laptop
uname -m = i686
uname -r = 2.6.28-13-generic
uname -s = Linux
uname -v = #45-Ubuntu SMP Tue Jun 30 19:49:51 UTC 2009

/usr/bin/uname -p = unknown
/bin/uname -X     = unknown

/bin/arch              = unknown
/usr/bin/arch -k       = unknown
/usr/convex/getsysinfo = unknown
/usr/bin/hostinfo      = unknown
/bin/machine           = unknown
/usr/bin/oslevel       = unknown
/bin/universe          = unknown

PATH: /usr/local/sbin
PATH: /usr/local/bin
PATH: /usr/sbin
PATH: /usr/bin
PATH: /sbin
PATH: /bin
PATH: /usr/games


## ----------- ##
## Core tests. ##
## ----------- ##

configure:1831: checking for gcc
configure:1847: found /usr/bin/gcc
configure:1858: result: gcc
configure:2090: checking for C compiler version
configure:2098: gcc --version >&5
gcc (Ubuntu 4.3.3-5ubuntu4) 4.3.3
Copyright (C) 2008 Free Software Foundation, Inc.
This is free software; see the source for copying conditions.  There is NO
warranty; not even for MERCHANTABILITY or FITNESS FOR A PARTICULAR PURPOSE.

configure:2102: $? = 0
configure:2109: gcc -v >&5
Using built-in specs.
Target: i486-linux-gnu
Configured with: ../src/configure -v --with-pkgversion='Ubuntu 4.3.3-5ubuntu4' --with-bugurl=file:///usr/share/doc/gcc-4.3/README.Bugs --enable-languages=c,c++,fortran,objc,obj-c++ --prefix=/usr --enable-shared --with-system-zlib --libexecdir=/usr/lib --without-included-gettext --enable-threads=posix --enable-nls --with-gxx-include-dir=/usr/include/c++/4.3 --program-suffix=-4.3 --enable-clocale=gnu --enable-libstdcxx-debug --enable-objc-gc --enable-mpfr --enable-targets=all --with-tune=generic --enable-checking=release --build=i486-linux-gnu --host=i486-linux-gnu --target=i486-linux-gnu
Thread model: posix
gcc version 4.3.3 (Ubuntu 4.3.3-5ubuntu4) 
configure:2113: $? = 0
configure:2120: gcc -V >&5
gcc: '-V' option must have argument
configure:2124: $? = 1
configure:2147: checking for C compiler default output file name
configure:2169: gcc    conftest.c  >&5
configure:2173: $? = 0
configure:2211: result: a.out
configure:2230: checking whether the C compiler works
configure:2240: ./a.out
configure:2244: $? = 0
configure:2263: result: yes
configure:2270: checking whether we are cross compiling
configure:2272: result: no
configure:2275: checking for suffix of executables
configure:2282: gcc -o conftest    conftest.c  >&5
configure:2286: $? = 0
configure:2312: result: 
configure:2318: checking for suffix of object files
configure:2344: gcc -c   conftest.c >&5
configure:2348: $? = 0
configure:2373: result: o
configure:2377: checking whether we are using the GNU C compiler
configure:2406: gcc -c   conftest.c >&5
configure:2413: $? = 0
configure:2430: result: yes
configure:2439: checking whether gcc accepts -g
configure:2469: gcc -c -g  conftest.c >&5
configure:2476: $? = 0
configure:2577: result: yes
configure:2594: checking for gcc option to accept ISO C89
configure:2668: gcc  -c -g -O2  conftest.c >&5
configure:2675: $? = 0
configure:2698: result: none needed
configure:2726: checking how to run the C preprocessor
configure:2766: gcc -E  conftest.c
configure:2773: $? = 0
configure:2804: gcc -E  conftest.c
conftest.c:8:28: error: ac_nonexistent.h: No such file or directory
configure:2811: $? = 1
configure: failed program was:
| /* confdefs.h.  */
| #define PACKAGE_NAME "FULL-PACKAGE-NAME"
| #define PACKAGE_TARNAME "full-package-name"
| #define PACKAGE_VERSION "VERSION"
| #define PACKAGE_STRING "FULL-PACKAGE-NAME VERSION"
| #define PACKAGE_BUGREPORT "BUG-REPORT-ADDRESS"
| /* end confdefs.h.  */
| #include <ac_nonexistent.h>
configure:2844: result: gcc -E
configure:2873: gcc -E  conftest.c
configure:2880: $? = 0
configure:2911: gcc -E  conftest.c
conftest.c:8:28: error: ac_nonexistent.h: No such file or directory
configure:2918: $? = 1
configure: failed program was:
| /* confdefs.h.  */
| #define PACKAGE_NAME "FULL-PACKAGE-NAME"
| #define PACKAGE_TARNAME "full-package-name"
| #define PACKAGE_VERSION "VERSION"
| #define PACKAGE_STRING "FULL-PACKAGE-NAME VERSION"
| #define PACKAGE_BUGREPORT "BUG-REPORT-ADDRESS"
| /* end confdefs.h.  */
| #include <ac_nonexistent.h>
configure:2958: checking for grep that handles long lines and -e
configure:3018: result: /bin/grep
configure:3023: checking for egrep
configure:3087: result: /bin/grep -E
configure:3092: checking for ANSI C header files
configure:3122: gcc -c -g -O2  conftest.c >&5
configure:3129: $? = 0
configure:3228: gcc -o conftest -g -O2   conftest.c  >&5
configure:3232: $? = 0
configure:3238: ./conftest
configure:3242: $? = 0
configure:3260: result: yes
configure:3284: checking for sys/types.h
configure:3305: gcc -c -g -O2  conftest.c >&5
configure:3312: $? = 0
configure:3329: result: yes
configure:3284: checking for sys/stat.h
configure:3305: gcc -c -g -O2  conftest.c >&5
configure:3312: $? = 0
configure:3329: result: yes
configure:3284: checking for stdlib.h
configure:3305: gcc -c -g -O2  conftest.c >&5
configure:3312: $? = 0
configure:3329: result: yes
configure:3284: checking for string.h
configure:3305: gcc -c -g -O2  conftest.c >&5
configure:3312: $? = 0
configure:3329: result: yes
configure:3284: checking for memory.h
configure:3305: gcc -c -g -O2  conftest.c >&5
configure:3312: $? = 0
configure:3329: result: yes
configure:3284: checking for strings.h
configure:3305: gcc -c -g -O2  conftest.c >&5
configure:3312: $? = 0
configure:3329: result: yes
configure:3284: checking for inttypes.h
configure:3305: gcc -c -g -O2  conftest.c >&5
configure:3312: $? = 0
configure:3329: result: yes
configure:3284: checking for stdint.h
configure:3305: gcc -c -g -O2  conftest.c >&5
configure:3312: $? = 0
configure:3329: result: yes
configure:3284: checking for unistd.h
configure:3305: gcc -c -g -O2  conftest.c >&5
configure:3312: $? = 0
configure:3329: result: yes
configure:3362: checking fcntl.h usability
configure:3379: gcc -c -g -O2  conftest.c >&5
configure:3386: $? = 0
configure:3400: result: yes
configure:3404: checking fcntl.h presence
configure:3419: gcc -E  conftest.c
configure:3426: $? = 0
configure:3440: result: yes
configure:3473: checking for fcntl.h
configure:3482: result: yes
configure:3351: checking for stdlib.h
configure:3358: result: yes
configure:3351: checking for string.h
configure:3358: result: yes
configure:3351: checking for unistd.h
configure:3358: result: yes
configure:3507: checking readline/readline.h usability
configure:3524: gcc -c -g -O2  conftest.c >&5
configure:3531: $? = 0
configure:3545: result: yes
configure:3549: checking readline/readline.h presence
configure:3564: gcc -E  conftest.c
configure:3571: $? = 0
configure:3585: result: yes
configure:3618: checking for readline/readline.h
configure:3625: result: yes
configure:3648: checking readline/history.h usability
configure:3665: gcc -c -g -O2  conftest.c >&5
configure:3672: $? = 0
configure:3686: result: yes
configure:3690: checking readline/history.h presence
configure:3705: gcc -E  conftest.c
configure:3712: $? = 0
configure:3726: result: yes
configure:3759: checking for readline/history.h
configure:3766: result: yes
configure:3780: checking for pid_t
configure:3808: gcc -c -g -O2  conftest.c >&5
configure:3815: $? = 0
configure:3842: gcc -c -g -O2  conftest.c >&5
conftest.c: In function 'main':
conftest.c:58: error: expected expression before ')' token
configure:3849: $? = 1
configure: failed program was:
| /* confdefs.h.  */
| #define PACKAGE_NAME "FULL-PACKAGE-NAME"
| #define PACKAGE_TARNAME "full-package-name"
| #define PACKAGE_VERSION "VERSION"
| #define PACKAGE_STRING "FULL-PACKAGE-NAME VERSION"
| #define PACKAGE_BUGREPORT "BUG-REPORT-ADDRESS"
| #define STDC_HEADERS 1
| #define HAVE_SYS_TYPES_H 1
| #define HAVE_SYS_STAT_H 1
| #define HAVE_STDLIB_H 1
| #define HAVE_STRING_H 1
| #define HAVE_MEMORY_H 1
| #define HAVE_STRINGS_H 1
| #define HAVE_INTTYPES_H 1
| #define HAVE_STDINT_H 1
| #define HAVE_UNISTD_H 1
| #define HAVE_FCNTL_H 1
| #define HAVE_STDLIB_H 1
| #define HAVE_STRING_H 1
| #define HAVE_UNISTD_H 1
| /* end confdefs.h.  */
| #include <stdio.h>
| #ifdef HAVE_SYS_TYPES_H
| # include <sys/types.h>
| #endif
| #ifdef HAVE_SYS_STAT_H
| # include <sys/stat.h>
| #endif
| #ifdef STDC_HEADERS
| # include <stdlib.h>
| # include <stddef.h>
| #else
| # ifdef HAVE_STDLIB_H
| #  include <stdlib.h>
| # endif
| #endif
| #ifdef HAVE_STRING_H
| # if !defined STDC_HEADERS && defined HAVE_MEMORY_H
| #  include <memory.h>
| # endif
| # include <string.h>
| #endif
| #ifdef HAVE_STRINGS_H
| # include <strings.h>
| #endif
| #ifdef HAVE_INTTYPES_H
| # include <inttypes.h>
| #endif
| #ifdef HAVE_STDINT_H
| # include <stdint.h>
| #endif
| #ifdef HAVE_UNISTD_H
| # include <unistd.h>
| #endif
| int
| main ()
| {
| if (sizeof ((pid_t)))
| 	  return 0;
|   ;
|   return 0;
| }
configure:3872: result: yes
configure:3884: checking for size_t
configure:3912: gcc -c -g -O2  conftest.c >&5
configure:3919: $? = 0
configure:3946: gcc -c -g -O2  conftest.c >&5
conftest.c: In function 'main':
conftest.c:58: error: expected expression before ')' token
configure:3953: $? = 1
configure: failed program was:
| /* confdefs.h.  */
| #define PACKAGE_NAME "FULL-PACKAGE-NAME"
| #define PACKAGE_TARNAME "full-package-name"
| #define PACKAGE_VERSION "VERSION"
| #define PACKAGE_STRING "FULL-PACKAGE-NAME VERSION"
| #define PACKAGE_BUGREPORT "BUG-REPORT-ADDRESS"
| #define STDC_HEADERS 1
| #define HAVE_SYS_TYPES_H 1
| #define HAVE_SYS_STAT_H 1
| #define HAVE_STDLIB_H 1
| #define HAVE_STRING_H 1
| #define HAVE_MEMORY_H 1
| #define HAVE_STRINGS_H 1
| #define HAVE_INTTYPES_H 1
| #define HAVE_STDINT_H 1
| #define HAVE_UNISTD_H 1
| #define HAVE_FCNTL_H 1
| #define HAVE_STDLIB_H 1
| #define HAVE_STRING_H 1
| #define HAVE_UNISTD_H 1
| /* end confdefs.h.  */
| #include <stdio.h>
| #ifdef HAVE_SYS_TYPES_H
| # include <sys/types.h>
| #endif
| #ifdef HAVE_SYS_STAT_H
| # include <sys/stat.h>
| #endif
| #ifdef STDC_HEADERS
| # include <stdlib.h>
| # include <stddef.h>
| #else
| # ifdef HAVE_STDLIB_H
| #  include <stdlib.h>
| # endif
| #endif
| #ifdef HAVE_STRING_H
| # if !defined STDC_HEADERS && defined HAVE_MEMORY_H
| #  include <memory.h>
| # endif
| # include <string.h>
| #endif
| #ifdef HAVE_STRINGS_H
| # include <strings.h>
| #endif
| #ifdef HAVE_INTTYPES_H
| # include <inttypes.h>
| #endif
| #ifdef HAVE_STDINT_H
| # include <stdint.h>
| #endif
| #ifdef HAVE_UNISTD_H
| # include <unistd.h>
| #endif
| int
| main ()
| {
| if (sizeof ((size_t)))
| 	  return 0;
|   ;
|   return 0;
| }
configure:3976: result: yes
configure:4006: checking vfork.h usability
configure:4023: gcc -c -g -O2  conftest.c >&5
conftest.c:55:19: error: vfork.h: No such file or directory
configure:4030: $? = 1
configure: failed program was:
| /* confdefs.h.  */
| #define PACKAGE_NAME "FULL-PACKAGE-NAME"
| #define PACKAGE_TARNAME "full-package-name"
| #define PACKAGE_VERSION "VERSION"
| #define PACKAGE_STRING "FULL-PACKAGE-NAME VERSION"
| #define PACKAGE_BUGREPORT "BUG-REPORT-ADDRESS"
| #define STDC_HEADERS 1
| #define HAVE_SYS_TYPES_H 1
| #define HAVE_SYS_STAT_H 1
| #define HAVE_STDLIB_H 1
| #define HAVE_STRING_H 1
| #define HAVE_MEMORY_H 1
| #define HAVE_STRINGS_H 1
| #define HAVE_INTTYPES_H 1
| #define HAVE_STDINT_H 1
| #define HAVE_UNISTD_H 1
| #define HAVE_FCNTL_H 1
| #define HAVE_STDLIB_H 1
| #define HAVE_STRING_H 1
| #define HAVE_UNISTD_H 1
| /* end confdefs.h.  */
| #include <stdio.h>
| #ifdef HAVE_SYS_TYPES_H
| # include <sys/types.h>
| #endif
| #ifdef HAVE_SYS_STAT_H
| # include <sys/stat.h>
| #endif
| #ifdef STDC_HEADERS
| # include <stdlib.h>
| # include <stddef.h>
| #else
| # ifdef HAVE_STDLIB_H
| #  include <stdlib.h>
| # endif
| #endif
| #ifdef HAVE_STRING_H
| # if !defined STDC_HEADERS && defined HAVE_MEMORY_H
| #  include <memory.h>
| # endif
| # include <string.h>
| #endif
| #ifdef HAVE_STRINGS_H
| # include <strings.h>
| #endif
| #ifdef HAVE_INTTYPES_H
| # include <inttypes.h>
| #endif
| #ifdef HAVE_STDINT_H
| # include <stdint.h>
| #endif
| #ifdef HAVE_UNISTD_H
| # include <unistd.h>
| #endif
| #include <vfork.h>
configure:4044: result: no
configure:4048: checking vfork.h presence
configure:4063: gcc -E  conftest.c
conftest.c:22:19: error: vfork.h: No such file or directory
configure:4070: $? = 1
configure: failed program was:
| /* confdefs.h.  */
| #define PACKAGE_NAME "FULL-PACKAGE-NAME"
| #define PACKAGE_TARNAME "full-package-name"
| #define PACKAGE_VERSION "VERSION"
| #define PACKAGE_STRING "FULL-PACKAGE-NAME VERSION"
| #define PACKAGE_BUGREPORT "BUG-REPORT-ADDRESS"
| #define STDC_HEADERS 1
| #define HAVE_SYS_TYPES_H 1
| #define HAVE_SYS_STAT_H 1
| #define HAVE_STDLIB_H 1
| #define HAVE_STRING_H 1
| #define HAVE_MEMORY_H 1
| #define HAVE_STRINGS_H 1
| #define HAVE_INTTYPES_H 1
| #define HAVE_STDINT_H 1
| #define HAVE_UNISTD_H 1
| #define HAVE_FCNTL_H 1
| #define HAVE_STDLIB_H 1
| #define HAVE_STRING_H 1
| #define HAVE_UNISTD_H 1
| /* end confdefs.h.  */
| #include <vfork.h>
configure:4084: result: no
configure:4117: checking for vfork.h
configure:4126: result: no
configure:4146: checking for fork
configure:4202: gcc -o conftest -g -O2   conftest.c  >&5
conftest.c:45: warning: conflicting types for built-in function 'fork'
configure:4209: $? = 0
configure:4231: result: yes
configure:4146: checking for vfork
configure:4202: gcc -o conftest -g -O2   conftest.c  >&5
configure:4209: $? = 0
configure:4231: result: yes
configure:4244: checking for working fork
configure:4276: gcc -o conftest -g -O2   conftest.c  >&5
configure:4280: $? = 0
configure:4286: ./conftest
configure:4290: $? = 0
configure:4307: result: yes
configure:4328: checking for working vfork
configure:4469: result: yes
configure:4505: checking for stdlib.h
configure:4512: result: yes
configure:4651: checking for GNU libc compatible malloc
configure:4685: gcc -o conftest -g -O2   conftest.c  >&5
configure:4689: $? = 0
configure:4695: ./conftest
configure:4699: $? = 0
configure:4716: result: yes
configure:4754: checking for dup2
configure:4810: gcc -o conftest -g -O2   conftest.c  >&5
configure:4817: $? = 0
configure:4839: result: yes
configure:4754: checking for getcwd
configure:4810: gcc -o conftest -g -O2   conftest.c  >&5
configure:4817: $? = 0
configure:4839: result: yes
configure:4754: checking for putenv
configure:4810: gcc -o conftest -g -O2   conftest.c  >&5
configure:4817: $? = 0
configure:4839: result: yes
configure:4754: checking for strchr
configure:4810: gcc -o conftest -g -O2   conftest.c  >&5
conftest.c:54: warning: conflicting types for built-in function 'strchr'
configure:4817: $? = 0
configure:4839: result: yes
configure:4754: checking for strdup
configure:4810: gcc -o conftest -g -O2   conftest.c  >&5
conftest.c:55: warning: conflicting types for built-in function 'strdup'
configure:4817: $? = 0
configure:4839: result: yes
configure:4754: checking for strerror
configure:4810: gcc -o conftest -g -O2   conftest.c  >&5
configure:4817: $? = 0
configure:4839: result: yes
configure:4754: checking for strrchr
configure:4810: gcc -o conftest -g -O2   conftest.c  >&5
conftest.c:57: warning: conflicting types for built-in function 'strrchr'
configure:4817: $? = 0
configure:4839: result: yes
configure:4956: creating ./config.status

## ---------------------- ##
## Running config.status. ##
## ---------------------- ##

This file was extended by FULL-PACKAGE-NAME config.status VERSION, which was
generated by GNU Autoconf 2.63.  Invocation command line was

  CONFIG_FILES    = 
  CONFIG_HEADERS  = 
  CONFIG_LINKS    = 
  CONFIG_COMMANDS = 
  $ ./config.status 

on sohaib-laptop

config.status:738: creating Makefile
config.status:738: creating config.h

## ---------------- ##
## Cache variables. ##
## ---------------- ##

ac_cv_c_compiler_gnu=yes
ac_cv_env_CC_set=
ac_cv_env_CC_value=
ac_cv_env_CFLAGS_set=
ac_cv_env_CFLAGS_value=
ac_cv_env_CPPFLAGS_set=
ac_cv_env_CPPFLAGS_value=
ac_cv_env_CPP_set=
ac_cv_env_CPP_value=
ac_cv_env_LDFLAGS_set=
ac_cv_env_LDFLAGS_value=
ac_cv_env_LIBS_set=
ac_cv_env_LIBS_value=
ac_cv_env_build_alias_set=
ac_cv_env_build_alias_value=
ac_cv_env_host_alias_set=
ac_cv_env_host_alias_value=
ac_cv_env_target_alias_set=
ac_cv_env_target_alias_value=
ac_cv_func_dup2=yes
ac_cv_func_fork=yes
ac_cv_func_fork_works=yes
ac_cv_func_getcwd=yes
ac_cv_func_malloc_0_nonnull=yes
ac_cv_func_putenv=yes
ac_cv_func_strchr=yes
ac_cv_func_strdup=yes
ac_cv_func_strerror=yes
ac_cv_func_strrchr=yes
ac_cv_func_vfork=yes
ac_cv_func_vfork_works=yes
ac_cv_header_fcntl_h=yes
ac_cv_header_inttypes_h=yes
ac_cv_header_memory_h=yes
ac_cv_header_readline_history_h=yes
ac_cv_header_readline_readline_h=yes
ac_cv_header_stdc=yes
ac_cv_header_stdint_h=yes
ac_cv_header_stdlib_h=yes
ac_cv_header_string_h=yes
ac_cv_header_strings_h=yes
ac_cv_header_sys_stat_h=yes
ac_cv_header_sys_types_h=yes
ac_cv_header_unistd_h=yes
ac_cv_header_vfork_h=no
ac_cv_objext=o
ac_cv_path_EGREP='/bin/grep -E'
ac_cv_path_GREP=/bin/grep
ac_cv_prog_CPP='gcc -E'
ac_cv_prog_ac_ct_CC=gcc
ac_cv_prog_cc_c89=
ac_cv_prog_cc_g=yes
ac_cv_type_pid_t=yes
ac_cv_type_size_t=yes

## ----------------- ##
## Output variables. ##
## ----------------- ##

CC='gcc'
CFLAGS='-g -O2'
CPP='gcc -E'
CPPFLAGS=''
DEFS='-DHAVE_CONFIG_H'
ECHO_C=''
ECHO_N='-n'
ECHO_T=''
EGREP='/bin/grep -E'
EXEEXT=''
GREP='/bin/grep'
LDFLAGS=''
LIBOBJS=''
LIBS=''
LTLIBOBJS=''
OBJEXT='o'
PACKAGE_BUGREPORT='BUG-REPORT-ADDRESS'
PACKAGE_NAME='FULL-PACKAGE-NAME'
PACKAGE_STRING='FULL-PACKAGE-NAME VERSION'
PACKAGE_TARNAME='full-package-name'
PACKAGE_VERSION='VERSION'
PATH_SEPARATOR=':'
SHELL='/bin/bash'
ac_ct_CC='gcc'
bindir='${exec_prefix}/bin'
build_alias=''
datadir='${datarootdir}'
datarootdir='${prefix}/share'
docdir='${datarootdir}/doc/${PACKAGE_TARNAME}'
dvidir='${docdir}'
exec_prefix='${prefix}'
host_alias=''
htmldir='${docdir}'
includedir='${prefix}/include'
infodir='${datarootdir}/info'
libdir='${exec_prefix}/lib'
libexecdir='${exec_prefix}/libexec'
localedir='${datarootdir}/locale'
localstatedir='${prefix}/var'
mandir='${datarootdir}/man'
oldincludedir='/usr/include'
pdfdir='${docdir}'
prefix='/usr/local'
program_transform_name='s,x,x,'
psdir='${docdir}'
sbindir='${exec_prefix}/sbin'
sharedstatedir='${prefix}/com'
sysconfdir='${prefix}/etc'
target_alias=''

## ----------- ##
## confdefs.h. ##
## ----------- ##

#define PACKAGE_NAME "FULL-PACKAGE-NAME"
#define PACKAGE_TARNAME "full-package-name"
#define PACKAGE_VERSION "VERSION"
#define PACKAGE_STRING "FULL-PACKAGE-NAME VERSION"
#define PACKAGE_BUGREPORT "BUG-REPORT-ADDRESS"
#define STDC_HEADERS 1
#define HAVE_SYS_TYPES_H 1
#define HAVE_SYS_STAT_H 1
#define HAVE_STDLIB_H 1
#define HAVE_STRING_H 1
#define HAVE_MEMORY_H 1
#define HAVE_STRINGS_H 1
#define HAVE_INTTYPES_H 1
#define HAVE_STDINT_H 1
#define HAVE_UNISTD_H 1
#define HAVE_FCNTL_H 1
#define HAVE_STDLIB_H 1
#define HAVE_STRING_H 1
#define HAVE_UNISTD_H 1
#define HAVE_FORK 1
#define HAVE_VFORK 1
#define HAVE_WORKING_VFORK 1
#define HAVE_WORKING_FORK 1
#define HAVE_STDLIB_H 1
#define HAVE_MALLOC 1
#define HAVE_DUP2 1
#define HAVE_GETCWD 1
#define HAVE_PUTENV 1
#define HAVE_STRCHR 1
#define HAVE_STRDUP 1
#define HAVE_STRERROR 1
#define HAVE_STRRCHR 1

configure: exit 0
